[2025-01-01 22:18:16,424: INFO: main: Welcome to our custom log]
[2025-01-02 00:14:57,192: INFO: common: yaml file: config/config.yaml loaded successfully]
[2025-01-02 00:17:10,860: INFO: common: yaml file: config/config.yaml loaded successfully]
[2025-01-02 00:17:10,901: INFO: common: yaml file: params.yaml loaded successfully]
[2025-01-02 00:17:10,914: INFO: common: created directory at: artifacts]
[2025-01-02 00:19:36,410: INFO: common: yaml file: config/config.yaml loaded successfully]
[2025-01-02 00:19:36,428: INFO: common: yaml file: params.yaml loaded successfully]
[2025-01-02 00:19:36,438: INFO: common: created directory at: artifacts]
[2025-01-02 00:20:14,035: INFO: common: yaml file: config/config.yaml loaded successfully]
[2025-01-02 00:20:14,186: INFO: common: yaml file: params.yaml loaded successfully]
[2025-01-02 00:20:14,198: INFO: common: created directory at: artifacts]
[2025-01-02 00:30:16,777: INFO: common: yaml file: config/config.yaml loaded successfully]
[2025-01-02 00:30:16,798: INFO: common: yaml file: params.yaml loaded successfully]
[2025-01-02 00:30:16,809: INFO: common: created directory at: artifacts]
[2025-01-02 00:30:16,816: INFO: common: created directory at: artifacts/data_ingestion]
[2025-01-02 00:30:16,820: INFO: 3452066675: fDownloading data from https://drive.google.com/file/d/1vlhZ5c7abUKF8xXERIw6m9Te8fW7ohw3/view?usp=sharing inot file artifacts/data_ingestion/data.zip]
[2025-01-02 00:30:25,104: INFO: 3452066675: Downloaded data from https://drive.google.com/file/d/1vlhZ5c7abUKF8xXERIw6m9Te8fW7ohw3/view?usp=sharing into file artifacts/data_ingestion/data.zip]
[2025-01-02 00:33:27,634: INFO: common: yaml file: config/config.yaml loaded successfully]
[2025-01-02 00:33:27,657: INFO: common: yaml file: params.yaml loaded successfully]
[2025-01-02 00:33:27,663: INFO: common: created directory at: artifacts]
[2025-01-02 00:33:27,671: INFO: common: created directory at: artifacts/data_ingestion]
[2025-01-02 00:33:27,676: INFO: 4186505339: fDownloading data from https://drive.google.com/file/d/1vlhZ5c7abUKF8xXERIw6m9Te8fW7ohw3/view?usp=sharing inot file artifacts/data_ingestion/data.zip]
[2025-01-02 00:33:35,915: INFO: 4186505339: Downloaded data from https://drive.google.com/file/d/1vlhZ5c7abUKF8xXERIw6m9Te8fW7ohw3/view?usp=sharing into file artifacts/data_ingestion/data.zip]
[2025-01-02 00:41:23,797: INFO: common: yaml file: config/config.yaml loaded successfully]
[2025-01-02 00:41:23,806: INFO: common: yaml file: params.yaml loaded successfully]
[2025-01-02 00:41:23,809: INFO: common: created directory at: artifacts]
[2025-01-02 00:41:23,813: INFO: common: created directory at: artifacts/data_ingestion]
[2025-01-02 00:41:23,816: INFO: 3768243799: Downloading data from https://drive.google.com/file/d/1vlhZ5c7abUKF8xXERIw6m9Te8fW7ohw3/view?usp=sharing into file artifacts/data_ingestion/data.zip]
[2025-01-02 00:41:30,680: INFO: 3768243799: Downloaded data from https://drive.google.com/file/d/1vlhZ5c7abUKF8xXERIw6m9Te8fW7ohw3/view?usp=sharing into file artifacts/data_ingestion/data.zip]
[2025-01-02 00:43:46,898: INFO: common: yaml file: config/config.yaml loaded successfully]
[2025-01-02 00:43:46,908: INFO: common: yaml file: params.yaml loaded successfully]
[2025-01-02 00:43:46,913: INFO: common: created directory at: artifacts]
[2025-01-02 00:43:46,916: INFO: common: created directory at: artifacts/data_ingestion]
[2025-01-02 00:43:46,923: INFO: 3768243799: Downloading data from https://drive.google.com/file/d/1vlhZ5c7abUKF8xXERIw6m9Te8fW7ohw3/view?usp=sharing into file artifacts/data_ingestion/data.zip]
[2025-01-02 00:43:53,268: INFO: 3768243799: Downloaded data from https://drive.google.com/file/d/1vlhZ5c7abUKF8xXERIw6m9Te8fW7ohw3/view?usp=sharing into file artifacts/data_ingestion/data.zip]
[2025-01-02 00:46:26,265: INFO: common: yaml file: config/config.yaml loaded successfully]
[2025-01-02 00:46:26,274: INFO: common: yaml file: params.yaml loaded successfully]
[2025-01-02 00:46:26,278: INFO: common: created directory at: artifacts]
[2025-01-02 00:46:26,288: INFO: common: created directory at: artifacts/data_ingestion]
[2025-01-02 00:46:26,296: INFO: 3768243799: Downloading data from https://drive.google.com/file/d/1vlhZ5c7abUKF8xXERIw6m9Te8fW7ohw3/view?usp=sharing into file artifacts/data_ingestion/data.zip]
[2025-01-02 00:46:32,223: INFO: 3768243799: Downloaded data from https://drive.google.com/file/d/1vlhZ5c7abUKF8xXERIw6m9Te8fW7ohw3/view?usp=sharing into file artifacts/data_ingestion/data.zip]
[2025-01-02 00:49:16,709: INFO: common: yaml file: config/config.yaml loaded successfully]
[2025-01-02 00:49:16,721: INFO: common: yaml file: params.yaml loaded successfully]
[2025-01-02 00:49:16,736: INFO: common: created directory at: artifacts]
[2025-01-02 00:49:16,743: INFO: common: created directory at: artifacts/data_ingestion]
[2025-01-02 00:49:16,816: INFO: 1535160724: Downloading data from https://drive.google.com/file/d/1vlhZ5c7abUKF8xXERIw6m9Te8fW7ohw3/view?usp=sharing into file artifacts/data_ingestion/data.zip]
[2025-01-02 00:49:24,614: INFO: 1535160724: Downloaded data from https://drive.google.com/file/d/1vlhZ5c7abUKF8xXERIw6m9Te8fW7ohw3/view?usp=sharing into file artifacts/data_ingestion/data.zip]
[2025-01-02 00:53:07,716: INFO: common: yaml file: config/config.yaml loaded successfully]
[2025-01-02 00:53:07,726: INFO: common: yaml file: params.yaml loaded successfully]
[2025-01-02 00:53:07,732: INFO: common: created directory at: artifacts]
[2025-01-02 00:53:07,738: INFO: common: created directory at: artifacts/data_ingestion]
[2025-01-02 00:53:07,745: INFO: 3628025189: Downloading data from https://drive.google.com/file/d/1vlhZ5c7abUKF8xXERIw6m9Te8fW7ohw3/view?usp=sharing into file artifacts/data_ingestion/data.zip]
[2025-01-02 00:53:14,371: INFO: 3628025189: Downloaded data from https://drive.google.com/file/d/1vlhZ5c7abUKF8xXERIw6m9Te8fW7ohw3/view?usp=sharing into file artifacts/data_ingestion/data.zip]
[2025-01-02 00:55:43,468: INFO: common: yaml file: config/config.yaml loaded successfully]
[2025-01-02 00:55:43,501: INFO: common: yaml file: params.yaml loaded successfully]
[2025-01-02 00:55:43,517: INFO: common: created directory at: artifacts]
[2025-01-02 00:55:43,529: INFO: common: created directory at: artifacts/data_ingestion]
[2025-01-02 00:55:43,535: INFO: 3628025189: Downloading data from https://drive.google.com/file/d/1vlhZ5c7abUKF8xXERIw6m9Te8fW7ohw3/view?usp=sharing into file artifacts/data_ingestion/data.zip]
[2025-01-02 00:55:50,986: INFO: 3628025189: Downloaded data from https://drive.google.com/file/d/1vlhZ5c7abUKF8xXERIw6m9Te8fW7ohw3/view?usp=sharing into file artifacts/data_ingestion/data.zip]
[2025-01-02 20:53:26,171: INFO: main: Welcome to our custom log]
[2025-01-03 01:28:53,309: INFO: main: >>>>>>> stage Data Ingestion stage started <<<<<<<]
[2025-01-03 01:28:53,327: INFO: common: yaml file: config/config.yaml loaded successfully]
[2025-01-03 01:28:53,329: INFO: common: yaml file: params.yaml loaded successfully]
[2025-01-03 01:28:53,331: INFO: common: created directory at: artifacts]
[2025-01-03 01:28:53,332: INFO: common: created directory at: artifacts/data_ingestion]
[2025-01-03 01:28:53,333: INFO: data_ingestion: Downloading data from https://drive.google.com/file/d/1vlhZ5c7abUKF8xXERIw6m9Te8fW7ohw3/view?usp=sharing into file artifacts/data_ingestion/data.zip]
[2025-01-03 01:29:01,048: INFO: data_ingestion: Downloaded data from https://drive.google.com/file/d/1vlhZ5c7abUKF8xXERIw6m9Te8fW7ohw3/view?usp=sharing into file artifacts/data_ingestion/data.zip]
[2025-01-03 01:29:02,993: INFO: main: >>>>>>> stage Data Ingestion stage completed <<<<<<

x==========x]
[2025-01-03 01:29:38,198: INFO: main: >>>>>>> stage Data Ingestion stage started <<<<<<<]
[2025-01-03 01:29:38,203: INFO: common: yaml file: config/config.yaml loaded successfully]
[2025-01-03 01:29:38,205: INFO: common: yaml file: params.yaml loaded successfully]
[2025-01-03 01:29:38,206: INFO: common: created directory at: artifacts]
[2025-01-03 01:29:38,206: INFO: common: created directory at: artifacts/data_ingestion]
[2025-01-03 01:29:38,206: INFO: data_ingestion: Downloading data from https://drive.google.com/file/d/1vlhZ5c7abUKF8xXERIw6m9Te8fW7ohw3/view?usp=sharing into file artifacts/data_ingestion/data.zip]
[2025-01-03 01:29:44,691: INFO: data_ingestion: Downloaded data from https://drive.google.com/file/d/1vlhZ5c7abUKF8xXERIw6m9Te8fW7ohw3/view?usp=sharing into file artifacts/data_ingestion/data.zip]
[2025-01-03 01:29:46,064: INFO: main: >>>>>>> stage Data Ingestion stage completed <<<<<<

x==========x]
[2025-01-03 01:44:40,732: INFO: main: >>>>>>> stage Data Ingestion stage started <<<<<<<]
[2025-01-03 01:44:40,744: INFO: common: yaml file: config/config.yaml loaded successfully]
[2025-01-03 01:44:40,754: INFO: common: yaml file: params.yaml loaded successfully]
[2025-01-03 01:44:40,762: INFO: common: created directory at: artifacts]
[2025-01-03 01:44:40,763: INFO: common: created directory at: artifacts/data_ingestion]
[2025-01-03 01:44:40,768: INFO: data_ingestion: Downloading data from https://drive.google.com/file/d/1vlhZ5c7abUKF8xXERIw6m9Te8fW7ohw3/view?usp=sharing into file artifacts/data_ingestion/data.zip]
[2025-01-03 01:44:47,227: INFO: data_ingestion: Downloaded data from https://drive.google.com/file/d/1vlhZ5c7abUKF8xXERIw6m9Te8fW7ohw3/view?usp=sharing into file artifacts/data_ingestion/data.zip]
[2025-01-03 01:44:48,393: INFO: main: >>>>>>> stage Data Ingestion stage completed <<<<<<

x==========x]
[2025-01-04 20:56:00,870: INFO: main: >>>>>>> stage Data Ingestion stage started <<<<<<<]
[2025-01-04 20:56:00,875: INFO: common: yaml file: config/config.yaml loaded successfully]
[2025-01-04 20:56:00,876: INFO: common: yaml file: params.yaml loaded successfully]
[2025-01-04 20:56:00,876: INFO: common: created directory at: artifacts]
[2025-01-04 20:56:00,877: INFO: common: created directory at: artifacts/data_ingestion]
[2025-01-04 20:56:00,877: INFO: data_ingestion: Downloading data from https://drive.google.com/file/d/1vlhZ5c7abUKF8xXERIw6m9Te8fW7ohw3/view?usp=sharing into file artifacts/data_ingestion/data.zip]
[2025-01-04 20:56:09,804: INFO: data_ingestion: Downloaded data from https://drive.google.com/file/d/1vlhZ5c7abUKF8xXERIw6m9Te8fW7ohw3/view?usp=sharing into file artifacts/data_ingestion/data.zip]
[2025-01-04 20:56:10,887: INFO: main: >>>>>>> stage Data Ingestion stage completed <<<<<<

x==========x]
[2025-01-04 22:01:40,618: INFO: common: yaml file: config/config.yaml loaded successfully]
[2025-01-04 22:01:40,865: INFO: common: yaml file: params.yaml loaded successfully]
[2025-01-04 22:01:40,956: INFO: common: created directory at: artifacts]
[2025-01-04 22:04:32,967: INFO: common: yaml file: config/config.yaml loaded successfully]
[2025-01-04 22:04:32,993: INFO: common: yaml file: params.yaml loaded successfully]
[2025-01-04 22:04:33,002: INFO: common: created directory at: artifacts]
[2025-01-04 22:05:13,938: INFO: common: yaml file: config/config.yaml loaded successfully]
[2025-01-04 22:05:13,992: INFO: common: yaml file: params.yaml loaded successfully]
[2025-01-04 22:05:14,013: INFO: common: created directory at: artifacts]
[2025-01-04 22:06:37,346: INFO: common: yaml file: config/config.yaml loaded successfully]
[2025-01-04 22:06:37,376: INFO: common: yaml file: params.yaml loaded successfully]
[2025-01-04 22:06:37,489: INFO: common: created directory at: artifacts]
[2025-01-04 22:06:37,498: INFO: common: created directory at: artifacts/prepare_base_model]
[2025-01-04 22:08:34,369: INFO: common: yaml file: config/config.yaml loaded successfully]
[2025-01-04 22:08:34,393: INFO: common: yaml file: params.yaml loaded successfully]
[2025-01-04 22:08:34,400: INFO: common: created directory at: artifacts]
[2025-01-04 22:08:34,416: INFO: common: created directory at: artifacts/prepare_base_model]
[2025-01-04 22:12:37,302: INFO: common: yaml file: config/config.yaml loaded successfully]
[2025-01-04 22:12:37,343: INFO: common: yaml file: params.yaml loaded successfully]
[2025-01-04 22:12:37,371: INFO: common: created directory at: artifacts]
[2025-01-04 22:12:37,374: INFO: common: created directory at: artifacts/prepare_base_model]
[2025-01-04 22:13:32,327: INFO: common: yaml file: config/config.yaml loaded successfully]
[2025-01-04 22:13:32,406: INFO: common: yaml file: params.yaml loaded successfully]
[2025-01-04 22:13:32,421: INFO: common: created directory at: artifacts]
[2025-01-04 22:13:32,429: INFO: common: created directory at: artifacts/prepare_base_model]
[2025-01-04 22:16:29,747: INFO: common: yaml file: config/config.yaml loaded successfully]
[2025-01-04 22:16:29,856: INFO: common: yaml file: params.yaml loaded successfully]
[2025-01-04 22:16:29,872: INFO: common: created directory at: artifacts]
[2025-01-04 22:16:29,881: INFO: common: created directory at: artifacts/prepare_base_model]
[2025-01-04 22:20:13,822: INFO: common: yaml file: config/config.yaml loaded successfully]
[2025-01-04 22:20:13,886: INFO: common: yaml file: params.yaml loaded successfully]
[2025-01-04 22:20:13,904: INFO: common: created directory at: artifacts]
[2025-01-04 22:20:13,914: INFO: common: created directory at: artifacts/prepare_base_model]
[2025-01-04 22:23:07,469: INFO: common: yaml file: config/config.yaml loaded successfully]
[2025-01-04 22:23:07,488: INFO: common: yaml file: params.yaml loaded successfully]
[2025-01-04 22:23:07,501: INFO: common: created directory at: artifacts]
[2025-01-04 22:23:07,506: INFO: common: created directory at: artifacts/prepare_base_model]
[2025-01-04 22:26:06,289: INFO: common: yaml file: config/config.yaml loaded successfully]
[2025-01-04 22:26:06,339: INFO: common: yaml file: params.yaml loaded successfully]
[2025-01-04 22:26:06,350: INFO: common: created directory at: artifacts]
[2025-01-04 22:26:06,363: INFO: common: created directory at: artifacts/prepare_base_model]
[2025-01-04 22:26:20,636: WARNING: saving_utils: Compiled the loaded model, but the compiled metrics have yet to be built. `model.compile_metrics` will be empty until you train or evaluate the model.]
[2025-01-04 22:29:20,972: INFO: common: yaml file: config/config.yaml loaded successfully]
[2025-01-04 22:29:21,078: INFO: common: yaml file: params.yaml loaded successfully]
[2025-01-04 22:29:21,095: INFO: common: created directory at: artifacts]
[2025-01-04 22:29:21,115: INFO: common: created directory at: artifacts/prepare_base_model]
[2025-01-04 22:29:26,140: WARNING: saving_utils: Compiled the loaded model, but the compiled metrics have yet to be built. `model.compile_metrics` will be empty until you train or evaluate the model.]
[2025-01-04 22:31:35,667: INFO: common: yaml file: config/config.yaml loaded successfully]
[2025-01-04 22:31:35,762: INFO: common: yaml file: params.yaml loaded successfully]
[2025-01-04 22:31:35,766: INFO: common: created directory at: artifacts]
[2025-01-04 22:31:35,769: INFO: common: created directory at: artifacts/prepare_base_model]
[2025-01-04 22:31:37,416: WARNING: saving_utils: Compiled the loaded model, but the compiled metrics have yet to be built. `model.compile_metrics` will be empty until you train or evaluate the model.]
[2025-01-04 22:37:09,481: INFO: common: yaml file: config/config.yaml loaded successfully]
[2025-01-04 22:37:09,533: INFO: common: yaml file: params.yaml loaded successfully]
[2025-01-04 22:37:09,547: INFO: common: created directory at: artifacts]
[2025-01-04 22:37:09,574: INFO: common: created directory at: artifacts/prepare_base_model]
[2025-01-04 22:37:13,051: WARNING: saving_utils: Compiled the loaded model, but the compiled metrics have yet to be built. `model.compile_metrics` will be empty until you train or evaluate the model.]
[2025-01-04 22:38:31,273: INFO: common: yaml file: config/config.yaml loaded successfully]
[2025-01-04 22:38:31,288: INFO: common: yaml file: params.yaml loaded successfully]
[2025-01-04 22:38:31,299: INFO: common: created directory at: artifacts]
[2025-01-04 22:38:31,312: INFO: common: created directory at: artifacts/prepare_base_model]
[2025-01-04 22:38:34,096: WARNING: saving_utils: Compiled the loaded model, but the compiled metrics have yet to be built. `model.compile_metrics` will be empty until you train or evaluate the model.]
[2025-01-04 22:39:37,593: INFO: common: yaml file: config/config.yaml loaded successfully]
[2025-01-04 22:39:37,713: INFO: common: yaml file: params.yaml loaded successfully]
[2025-01-04 22:39:37,730: INFO: common: created directory at: artifacts]
[2025-01-04 22:39:37,737: INFO: common: created directory at: artifacts/prepare_base_model]
[2025-01-04 22:39:39,109: WARNING: saving_utils: Compiled the loaded model, but the compiled metrics have yet to be built. `model.compile_metrics` will be empty until you train or evaluate the model.]
[2025-01-04 22:44:13,237: INFO: main: >>>>>>> stage Data Ingestion stage started <<<<<<<]
[2025-01-04 22:44:13,244: INFO: common: yaml file: config/config.yaml loaded successfully]
[2025-01-04 22:44:13,249: INFO: common: yaml file: params.yaml loaded successfully]
[2025-01-04 22:44:13,249: INFO: common: created directory at: artifacts]
[2025-01-04 22:44:13,250: INFO: common: created directory at: artifacts/data_ingestion]
[2025-01-04 22:44:13,250: INFO: data_ingestion: Downloading data from https://drive.google.com/file/d/1vlhZ5c7abUKF8xXERIw6m9Te8fW7ohw3/view?usp=sharing into file artifacts/data_ingestion/data.zip]
[2025-01-04 22:44:23,877: INFO: data_ingestion: Downloaded data from https://drive.google.com/file/d/1vlhZ5c7abUKF8xXERIw6m9Te8fW7ohw3/view?usp=sharing into file artifacts/data_ingestion/data.zip]
[2025-01-04 22:44:25,596: INFO: main: >>>>>>> stage Data Ingestion stage completed <<<<<<

x==========x]
[2025-01-04 23:13:29,801: INFO: main: >>>>>>> stage Data Ingestion stage started <<<<<<<]
[2025-01-04 23:13:29,805: INFO: common: yaml file: config/config.yaml loaded successfully]
[2025-01-04 23:13:29,816: INFO: common: yaml file: params.yaml loaded successfully]
[2025-01-04 23:13:29,820: INFO: common: created directory at: artifacts]
[2025-01-04 23:13:29,820: INFO: common: created directory at: artifacts/data_ingestion]
[2025-01-04 23:13:29,821: INFO: data_ingestion: Downloading data from https://drive.google.com/file/d/1vlhZ5c7abUKF8xXERIw6m9Te8fW7ohw3/view?usp=sharing into file artifacts/data_ingestion/data.zip]
[2025-01-04 23:13:35,633: INFO: data_ingestion: Downloaded data from https://drive.google.com/file/d/1vlhZ5c7abUKF8xXERIw6m9Te8fW7ohw3/view?usp=sharing into file artifacts/data_ingestion/data.zip]
[2025-01-04 23:13:37,608: INFO: main: >>>>>>> stage Data Ingestion stage completed <<<<<<

x==========x]
[2025-01-04 23:13:37,609: INFO: main: *******************]
[2025-01-04 23:13:37,609: INFO: main: >>>>>>> stage Prepare base model started <<<<<<<]
[2025-01-04 23:13:37,621: INFO: common: yaml file: config/config.yaml loaded successfully]
[2025-01-04 23:13:37,636: INFO: common: yaml file: params.yaml loaded successfully]
[2025-01-04 23:13:37,637: INFO: common: created directory at: artifacts]
[2025-01-04 23:13:37,637: INFO: common: created directory at: artifacts/prepare_base_model]
[2025-01-04 23:13:39,696: WARNING: saving_utils: Compiled the loaded model, but the compiled metrics have yet to be built. `model.compile_metrics` will be empty until you train or evaluate the model.]
[2025-01-04 23:13:41,112: INFO: main: >>>>>>> stage Prepare base model completed <<<<<<

x==========x]
[2025-01-05 12:34:12,838: INFO: main: >>>>>>> stage Data Ingestion stage started <<<<<<<]
[2025-01-05 12:34:12,845: INFO: common: yaml file: config/config.yaml loaded successfully]
[2025-01-05 12:34:12,855: INFO: common: yaml file: params.yaml loaded successfully]
[2025-01-05 12:34:12,859: INFO: common: created directory at: artifacts]
[2025-01-05 12:34:12,860: INFO: common: created directory at: artifacts/data_ingestion]
[2025-01-05 12:34:12,860: INFO: data_ingestion: Downloading data from https://drive.google.com/file/d/1vlhZ5c7abUKF8xXERIw6m9Te8fW7ohw3/view?usp=sharing into file artifacts/data_ingestion/data.zip]
[2025-01-05 12:34:20,754: INFO: data_ingestion: Downloaded data from https://drive.google.com/file/d/1vlhZ5c7abUKF8xXERIw6m9Te8fW7ohw3/view?usp=sharing into file artifacts/data_ingestion/data.zip]
[2025-01-05 12:34:22,536: INFO: main: >>>>>>> stage Data Ingestion stage completed <<<<<<

x==========x]
[2025-01-05 12:34:22,536: INFO: main: *******************]
[2025-01-05 12:34:22,536: INFO: main: >>>>>>> stage Prepare base model started <<<<<<<]
[2025-01-05 12:34:22,542: INFO: common: yaml file: config/config.yaml loaded successfully]
[2025-01-05 12:34:22,549: INFO: common: yaml file: params.yaml loaded successfully]
[2025-01-05 12:34:22,550: INFO: common: created directory at: artifacts]
[2025-01-05 12:34:22,552: INFO: common: created directory at: artifacts/prepare_base_model]
[2025-01-05 12:34:24,047: WARNING: saving_utils: Compiled the loaded model, but the compiled metrics have yet to be built. `model.compile_metrics` will be empty until you train or evaluate the model.]
[2025-01-05 12:34:25,108: INFO: main: >>>>>>> stage Prepare base model completed <<<<<<

x==========x]
[2025-01-05 14:04:02,527: INFO: common: yaml file: config/config.yaml loaded successfully]
[2025-01-05 14:04:02,674: INFO: common: yaml file: params.yaml loaded successfully]
[2025-01-05 14:04:02,961: INFO: common: created directory at: artifacts]
[2025-01-05 14:05:53,708: INFO: common: yaml file: config/config.yaml loaded successfully]
[2025-01-05 14:05:53,826: INFO: common: yaml file: params.yaml loaded successfully]
[2025-01-05 14:05:53,861: INFO: common: created directory at: artifacts]
[2025-01-05 14:05:53,916: INFO: common: created directory at: artifacts/training]
[2025-01-05 14:07:04,145: INFO: common: yaml file: config/config.yaml loaded successfully]
[2025-01-05 14:07:04,174: INFO: common: yaml file: params.yaml loaded successfully]
[2025-01-05 14:07:04,315: INFO: common: created directory at: artifacts]
[2025-01-05 14:07:04,332: INFO: common: created directory at: artifacts/training]
[2025-01-05 14:07:55,871: INFO: common: yaml file: config/config.yaml loaded successfully]
[2025-01-05 14:07:55,896: INFO: common: yaml file: params.yaml loaded successfully]
[2025-01-05 14:07:55,909: INFO: common: created directory at: artifacts]
[2025-01-05 14:07:55,914: INFO: common: created directory at: artifacts/training]
[2025-01-05 14:12:09,291: INFO: common: yaml file: config/config.yaml loaded successfully]
[2025-01-05 14:12:09,571: INFO: common: yaml file: params.yaml loaded successfully]
[2025-01-05 14:12:09,628: INFO: common: created directory at: artifacts]
[2025-01-05 14:12:09,650: INFO: common: created directory at: artifacts/training]
[2025-01-05 14:15:40,191: INFO: common: yaml file: config/config.yaml loaded successfully]
[2025-01-05 14:15:40,209: INFO: common: yaml file: params.yaml loaded successfully]
[2025-01-05 14:15:40,215: INFO: common: created directory at: artifacts]
[2025-01-05 14:15:40,221: INFO: common: created directory at: artifacts/training]
[2025-01-05 14:51:07,662: INFO: main: >>>>>>> stage Data Ingestion stage started <<<<<<<]
[2025-01-05 14:51:07,678: INFO: common: yaml file: config/config.yaml loaded successfully]
[2025-01-05 14:51:07,686: INFO: common: yaml file: params.yaml loaded successfully]
[2025-01-05 14:51:07,691: INFO: common: created directory at: artifacts]
[2025-01-05 14:51:07,691: INFO: common: created directory at: artifacts/data_ingestion]
[2025-01-05 14:51:07,692: INFO: data_ingestion: Downloading data from https://drive.google.com/file/d/1vlhZ5c7abUKF8xXERIw6m9Te8fW7ohw3/view?usp=sharing into file artifacts/data_ingestion/data.zip]
[2025-01-05 14:51:16,249: INFO: data_ingestion: Downloaded data from https://drive.google.com/file/d/1vlhZ5c7abUKF8xXERIw6m9Te8fW7ohw3/view?usp=sharing into file artifacts/data_ingestion/data.zip]
[2025-01-05 14:51:17,799: INFO: main: >>>>>>> stage Data Ingestion stage completed <<<<<<

x==========x]
[2025-01-05 14:51:17,800: INFO: main: *******************]
[2025-01-05 14:51:17,800: INFO: main: >>>>>>> stage Prepare base model started <<<<<<<]
[2025-01-05 14:51:17,815: INFO: common: yaml file: config/config.yaml loaded successfully]
[2025-01-05 14:51:17,818: INFO: common: yaml file: params.yaml loaded successfully]
[2025-01-05 14:51:17,819: INFO: common: created directory at: artifacts]
[2025-01-05 14:51:17,820: INFO: common: created directory at: artifacts/prepare_base_model]
[2025-01-05 14:51:20,244: WARNING: saving_utils: Compiled the loaded model, but the compiled metrics have yet to be built. `model.compile_metrics` will be empty until you train or evaluate the model.]
[2025-01-05 14:51:22,158: INFO: main: >>>>>>> stage Prepare base model completed <<<<<<

x==========x]
[2025-01-05 14:51:22,159: INFO: main: *******************]
[2025-01-05 14:51:22,160: INFO: main: >>>>>>> stage Training started <<<<<<<]
[2025-01-05 14:51:22,167: INFO: common: yaml file: config/config.yaml loaded successfully]
[2025-01-05 14:51:22,170: INFO: common: yaml file: params.yaml loaded successfully]
[2025-01-05 14:51:22,171: INFO: common: created directory at: artifacts]
[2025-01-05 14:51:22,171: ERROR: main: 'ConfiguartionManager' object has no attribute 'get_training_config_config']
Traceback (most recent call last):
  File "main.py", line 39, in <module>
    model_trainer.main()
  File "/Users/fernandoecumbi/Desktop/IT course/Kidney-Disease-Classifciation-Deep-Learning-Project/src/cnnClassifier/pipeline/stage_03_model_training.py", line 15, in main
    training_config = config.get_training_config_config()
AttributeError: 'ConfiguartionManager' object has no attribute 'get_training_config_config'
[2025-01-05 14:53:23,315: INFO: main: >>>>>>> stage Data Ingestion stage started <<<<<<<]
[2025-01-05 14:53:23,320: INFO: common: yaml file: config/config.yaml loaded successfully]
[2025-01-05 14:53:23,329: INFO: common: yaml file: params.yaml loaded successfully]
[2025-01-05 14:53:23,334: INFO: common: created directory at: artifacts]
[2025-01-05 14:53:23,334: INFO: common: created directory at: artifacts/data_ingestion]
[2025-01-05 14:53:23,335: INFO: data_ingestion: Downloading data from https://drive.google.com/file/d/1vlhZ5c7abUKF8xXERIw6m9Te8fW7ohw3/view?usp=sharing into file artifacts/data_ingestion/data.zip]
[2025-01-05 14:53:30,985: INFO: data_ingestion: Downloaded data from https://drive.google.com/file/d/1vlhZ5c7abUKF8xXERIw6m9Te8fW7ohw3/view?usp=sharing into file artifacts/data_ingestion/data.zip]
[2025-01-05 14:53:34,647: INFO: main: >>>>>>> stage Data Ingestion stage completed <<<<<<

x==========x]
[2025-01-05 14:53:34,648: INFO: main: *******************]
[2025-01-05 14:53:34,648: INFO: main: >>>>>>> stage Prepare base model started <<<<<<<]
[2025-01-05 14:53:34,661: INFO: common: yaml file: config/config.yaml loaded successfully]
[2025-01-05 14:53:34,670: INFO: common: yaml file: params.yaml loaded successfully]
[2025-01-05 14:53:34,673: INFO: common: created directory at: artifacts]
[2025-01-05 14:53:34,677: INFO: common: created directory at: artifacts/prepare_base_model]
[2025-01-05 14:53:37,160: WARNING: saving_utils: Compiled the loaded model, but the compiled metrics have yet to be built. `model.compile_metrics` will be empty until you train or evaluate the model.]
[2025-01-05 14:53:38,167: INFO: main: >>>>>>> stage Prepare base model completed <<<<<<

x==========x]
[2025-01-05 14:53:38,167: INFO: main: *******************]
[2025-01-05 14:53:38,168: INFO: main: >>>>>>> stage Training started <<<<<<<]
[2025-01-05 14:53:38,175: INFO: common: yaml file: config/config.yaml loaded successfully]
[2025-01-05 14:53:38,178: INFO: common: yaml file: params.yaml loaded successfully]
[2025-01-05 14:53:38,179: INFO: common: created directory at: artifacts]
[2025-01-05 14:53:38,180: INFO: common: created directory at: artifacts/training]
[2025-01-05 14:57:25,495: INFO: main: >>>>>>> stage Training completed <<<<<<

x==========x]
[2025-01-05 15:30:23,526: INFO: main: >>>>>>> stage Data Ingestion stage started <<<<<<<]
[2025-01-05 15:30:23,534: INFO: common: yaml file: config/config.yaml loaded successfully]
[2025-01-05 15:30:23,545: INFO: common: yaml file: params.yaml loaded successfully]
[2025-01-05 15:30:23,548: INFO: common: created directory at: artifacts]
[2025-01-05 15:30:23,548: INFO: common: created directory at: artifacts/data_ingestion]
[2025-01-05 15:30:23,549: INFO: data_ingestion: Downloading data from https://drive.google.com/file/d/1vlhZ5c7abUKF8xXERIw6m9Te8fW7ohw3/view?usp=sharing into file artifacts/data_ingestion/data.zip]
[2025-01-05 15:30:29,713: INFO: data_ingestion: Downloaded data from https://drive.google.com/file/d/1vlhZ5c7abUKF8xXERIw6m9Te8fW7ohw3/view?usp=sharing into file artifacts/data_ingestion/data.zip]
[2025-01-05 15:30:30,964: INFO: main: >>>>>>> stage Data Ingestion stage completed <<<<<<

x==========x]
[2025-01-05 15:30:30,965: INFO: main: *******************]
[2025-01-05 15:30:30,966: INFO: main: >>>>>>> stage Prepare base model started <<<<<<<]
[2025-01-05 15:30:30,970: INFO: common: yaml file: config/config.yaml loaded successfully]
[2025-01-05 15:30:30,973: INFO: common: yaml file: params.yaml loaded successfully]
[2025-01-05 15:30:30,974: INFO: common: created directory at: artifacts]
[2025-01-05 15:30:30,974: INFO: common: created directory at: artifacts/prepare_base_model]
[2025-01-05 15:30:32,425: WARNING: saving_utils: Compiled the loaded model, but the compiled metrics have yet to be built. `model.compile_metrics` will be empty until you train or evaluate the model.]
[2025-01-05 15:30:33,423: INFO: main: >>>>>>> stage Prepare base model completed <<<<<<

x==========x]
[2025-01-05 15:30:33,423: INFO: main: *******************]
[2025-01-05 15:30:33,424: INFO: main: >>>>>>> stage Training started <<<<<<<]
[2025-01-05 15:30:33,433: INFO: common: yaml file: config/config.yaml loaded successfully]
[2025-01-05 15:30:33,438: INFO: common: yaml file: params.yaml loaded successfully]
[2025-01-05 15:30:33,439: INFO: common: created directory at: artifacts]
[2025-01-05 15:30:33,440: INFO: common: created directory at: artifacts/training]
[2025-01-06 00:38:08,523: INFO: common: yaml file: config/config.yaml loaded successfully]
[2025-01-06 00:38:08,733: INFO: common: yaml file: params.yaml loaded successfully]
[2025-01-06 00:38:08,784: INFO: common: created directory at: artifacts]
[2025-01-06 00:42:19,392: INFO: common: yaml file: config/config.yaml loaded successfully]
[2025-01-06 00:42:19,563: INFO: common: yaml file: params.yaml loaded successfully]
[2025-01-06 00:42:19,572: INFO: common: created directory at: artifacts]
[2025-01-06 00:44:47,943: INFO: common: yaml file: config/config.yaml loaded successfully]
[2025-01-06 00:44:48,019: INFO: common: yaml file: params.yaml loaded successfully]
[2025-01-06 00:44:48,031: INFO: common: created directory at: artifacts]
[2025-01-06 00:47:55,107: INFO: common: yaml file: config/config.yaml loaded successfully]
[2025-01-06 00:47:55,157: INFO: common: yaml file: params.yaml loaded successfully]
[2025-01-06 00:47:55,229: INFO: common: created directory at: artifacts]
[2025-01-06 00:49:54,961: INFO: common: yaml file: config/config.yaml loaded successfully]
[2025-01-06 00:49:54,987: INFO: common: yaml file: params.yaml loaded successfully]
[2025-01-06 00:49:54,994: INFO: common: created directory at: artifacts]
[2025-01-06 01:22:41,184: INFO: common: yaml file: config/config.yaml loaded successfully]
[2025-01-06 01:22:41,217: INFO: common: yaml file: params.yaml loaded successfully]
[2025-01-06 01:22:41,246: INFO: common: created directory at: artifacts]
[2025-01-06 01:27:15,049: INFO: common: yaml file: config/config.yaml loaded successfully]
[2025-01-06 01:27:15,079: INFO: common: yaml file: params.yaml loaded successfully]
[2025-01-06 01:27:21,743: INFO: common: created directory at: artifacts]
[2025-01-06 01:32:36,784: INFO: common: yaml file: config/config.yaml loaded successfully]
[2025-01-06 01:32:36,870: INFO: common: yaml file: params.yaml loaded successfully]
[2025-01-06 01:32:36,879: INFO: common: created directory at: artifacts]
[2025-01-06 01:48:59,441: INFO: common: yaml file: config/config.yaml loaded successfully]
[2025-01-06 01:48:59,515: INFO: common: yaml file: params.yaml loaded successfully]
[2025-01-06 01:48:59,563: INFO: common: created directory at: artifacts]
[2025-01-06 01:53:59,190: INFO: common: yaml file: config/config.yaml loaded successfully]
[2025-01-06 01:53:59,229: INFO: common: yaml file: params.yaml loaded successfully]
[2025-01-06 01:53:59,245: INFO: common: created directory at: artifacts]
[2025-01-06 01:55:23,864: INFO: common: json file saved at scores.json]
[2025-01-06 01:58:25,117: INFO: common: yaml file: config/config.yaml loaded successfully]
[2025-01-06 01:58:25,146: INFO: common: yaml file: params.yaml loaded successfully]
[2025-01-06 01:58:25,165: INFO: common: created directory at: artifacts]
[2025-01-06 02:01:03,313: INFO: common: json file saved at scores.json]
[2025-01-06 02:13:04,238: INFO: common: yaml file: config/config.yaml loaded successfully]
[2025-01-06 02:13:04,286: INFO: common: yaml file: params.yaml loaded successfully]
[2025-01-06 02:13:04,325: INFO: common: created directory at: artifacts]
[2025-01-06 02:14:41,447: INFO: common: json file saved at scores.json]
[2025-01-06 02:35:04,967: INFO: common: yaml file: config/config.yaml loaded successfully]
[2025-01-06 02:35:05,050: INFO: common: yaml file: params.yaml loaded successfully]
[2025-01-06 02:35:05,057: INFO: common: created directory at: artifacts]
[2025-01-06 02:37:07,462: INFO: common: json file saved at scores.json]
[2025-01-06 02:46:44,790: INFO: common: yaml file: config/config.yaml loaded successfully]
[2025-01-06 02:46:44,969: INFO: common: yaml file: params.yaml loaded successfully]
[2025-01-06 02:46:44,978: INFO: common: created directory at: artifacts]
[2025-01-06 02:48:24,132: INFO: common: json file saved at scores.json]
[2025-01-06 02:48:38,752: INFO: _client: HTTP Request: POST https://dagshub.com/login/oauth/middleman "HTTP/1.1 200 OK"]
[2025-01-06 02:48:39,731: INFO: _client: HTTP Request: POST https://dagshub.com/login/oauth/access_token "HTTP/1.1 200 OK"]
[2025-01-06 02:48:40,598: INFO: _client: HTTP Request: GET https://dagshub.com/api/v1/user "HTTP/1.1 200 OK"]
[2025-01-06 02:48:40,656: INFO: helpers: Accessing as Calivala-86]
[2025-01-06 02:48:41,035: INFO: _client: HTTP Request: GET https://dagshub.com/api/v1/repos/Calivala-86/Kidney-Disease-Classifciation-Deep-Learning-Project-Mlflow-DVC "HTTP/1.1 200 OK"]
[2025-01-06 02:48:41,448: INFO: _client: HTTP Request: GET https://dagshub.com/api/v1/user "HTTP/1.1 200 OK"]
[2025-01-06 02:48:41,459: INFO: helpers: Initialized MLflow to track repo "Calivala-86/Kidney-Disease-Classifciation-Deep-Learning-Project-Mlflow-DVC"]
[2025-01-06 02:48:41,569: INFO: helpers: Repository Calivala-86/Kidney-Disease-Classifciation-Deep-Learning-Project-Mlflow-DVC initialized!]
[2025-01-06 02:48:48,002: WARNING: save: Found untraced functions such as _jit_compiled_convolution_op, _jit_compiled_convolution_op, _jit_compiled_convolution_op, _jit_compiled_convolution_op, _jit_compiled_convolution_op while saving (showing 5 of 14). These functions will not be directly callable after loading.]
[2025-01-06 02:48:52,086: INFO: builder_impl: Assets written to: /var/folders/ks/5nym8j9d5_l_9fp2yb3p9q3c0000gn/T/tmpwl5gvfgt/model/data/model/assets]
[2025-01-06 03:04:00,588: INFO: common: yaml file: config/config.yaml loaded successfully]
[2025-01-06 03:04:00,714: INFO: common: yaml file: params.yaml loaded successfully]
[2025-01-06 03:04:00,729: INFO: common: created directory at: artifacts]
[2025-01-06 03:06:21,308: INFO: common: json file saved at scores.json]
[2025-01-06 03:06:25,745: WARNING: save: Found untraced functions such as _jit_compiled_convolution_op, _jit_compiled_convolution_op, _jit_compiled_convolution_op, _jit_compiled_convolution_op, _jit_compiled_convolution_op while saving (showing 5 of 14). These functions will not be directly callable after loading.]
[2025-01-06 03:06:28,577: INFO: builder_impl: Assets written to: /var/folders/ks/5nym8j9d5_l_9fp2yb3p9q3c0000gn/T/tmp7m__16aa/model/data/model/assets]
[2025-01-06 03:14:53,600: INFO: common: yaml file: config/config.yaml loaded successfully]
[2025-01-06 03:14:53,621: INFO: common: yaml file: params.yaml loaded successfully]
[2025-01-06 03:14:53,638: INFO: common: created directory at: artifacts]
[2025-01-06 03:16:16,634: INFO: common: json file saved at scores.json]
[2025-01-06 03:16:22,053: WARNING: save: Found untraced functions such as _jit_compiled_convolution_op, _jit_compiled_convolution_op, _jit_compiled_convolution_op, _jit_compiled_convolution_op, _jit_compiled_convolution_op while saving (showing 5 of 14). These functions will not be directly callable after loading.]
[2025-01-06 03:16:24,149: INFO: builder_impl: Assets written to: /var/folders/ks/5nym8j9d5_l_9fp2yb3p9q3c0000gn/T/tmpava_jfk3/model/data/model/assets]
