[2025-01-02 21:01:58,438: INFO: common: yaml file: config/config.yaml loaded successfully]
[2025-01-02 21:01:58,449: INFO: common: yaml file: params.yaml loaded successfully]
[2025-01-02 21:01:58,453: INFO: common: created directory at: artifacts]
[2025-01-02 21:01:58,455: INFO: common: created directory at: artifacts/data_ingestion]
[2025-01-02 21:01:58,457: INFO: 1535160724: Downloading data from https://drive.google.com/file/d/1vlhZ5c7abUKF8xXERIw6m9Te8fW7ohw3/view?usp=sharing into file artifacts/data_ingestion/data.zip]
[2025-01-02 21:02:06,277: INFO: 1535160724: Downloaded data from https://drive.google.com/file/d/1vlhZ5c7abUKF8xXERIw6m9Te8fW7ohw3/view?usp=sharing into file artifacts/data_ingestion/data.zip]
[2025-01-02 21:04:47,322: INFO: common: yaml file: config/config.yaml loaded successfully]
[2025-01-02 21:04:47,331: INFO: common: yaml file: params.yaml loaded successfully]
[2025-01-02 21:04:47,333: INFO: common: created directory at: artifacts]
[2025-01-02 21:04:47,336: INFO: common: created directory at: artifacts/data_ingestion]
[2025-01-02 21:04:47,342: INFO: 1535160724: Downloading data from https://drive.google.com/file/d/1vlhZ5c7abUKF8xXERIw6m9Te8fW7ohw3/view?usp=sharing into file artifacts/data_ingestion/data.zip]
[2025-01-02 21:04:54,056: INFO: 1535160724: Downloaded data from https://drive.google.com/file/d/1vlhZ5c7abUKF8xXERIw6m9Te8fW7ohw3/view?usp=sharing into file artifacts/data_ingestion/data.zip]
[2025-01-02 21:20:56,895: INFO: common: yaml file: config/config.yaml loaded successfully]
[2025-01-02 21:20:56,948: INFO: common: yaml file: params.yaml loaded successfully]
[2025-01-02 21:20:56,961: INFO: common: created directory at: artifacts]
[2025-01-02 21:20:56,978: INFO: common: created directory at: artifacts/data_ingestion]
[2025-01-02 21:20:56,980: INFO: 1535160724: Downloading data from https://drive.google.com/file/d/1vlhZ5c7abUKF8xXERIw6m9Te8fW7ohw3/view?usp=sharing into file artifacts/data_ingestion/data.zip]
[2025-01-02 21:21:04,117: INFO: 1535160724: Downloaded data from https://drive.google.com/file/d/1vlhZ5c7abUKF8xXERIw6m9Te8fW7ohw3/view?usp=sharing into file artifacts/data_ingestion/data.zip]
[2025-01-02 21:25:10,533: INFO: common: yaml file: config/config.yaml loaded successfully]
[2025-01-02 21:25:10,554: INFO: common: yaml file: params.yaml loaded successfully]
[2025-01-02 21:25:10,571: INFO: common: created directory at: artifacts]
[2025-01-02 21:25:10,583: INFO: common: created directory at: artifacts/data_ingestion]
[2025-01-02 21:25:10,653: INFO: 2552731071: Downloading data from https://drive.google.com/file/d/1vlhZ5c7abUKF8xXERIw6m9Te8fW7ohw3/view?usp=sharing into file artifacts/data_ingestion/data.zip]
[2025-01-02 21:25:18,638: INFO: 2552731071: Downloaded data from https://drive.google.com/file/d/1vlhZ5c7abUKF8xXERIw6m9Te8fW7ohw3/view?usp=sharing into file artifacts/data_ingestion/data.zip]
[2025-01-02 23:22:20,419: INFO: common: yaml file: config/config.yaml loaded successfully]
[2025-01-02 23:22:20,508: INFO: common: yaml file: params.yaml loaded successfully]
[2025-01-02 23:22:20,554: INFO: common: created directory at: artifacts]
[2025-01-02 23:22:20,565: INFO: common: created directory at: artifacts/data_ingestion]
[2025-01-02 23:22:20,576: INFO: 2552731071: Downloading data from https://drive.google.com/file/d/1vlhZ5c7abUKF8xXERIw6m9Te8fW7ohw3/view?usp=sharing into file artifacts/data_ingestion/data.zip]
[2025-01-02 23:22:29,539: INFO: 2552731071: Downloaded data from https://drive.google.com/file/d/1vlhZ5c7abUKF8xXERIw6m9Te8fW7ohw3/view?usp=sharing into file artifacts/data_ingestion/data.zip]
[2025-01-03 00:04:31,810: INFO: common: yaml file: config/config.yaml loaded successfully]
[2025-01-03 00:04:31,982: INFO: common: yaml file: params.yaml loaded successfully]
[2025-01-03 00:04:31,999: INFO: common: created directory at: artifacts]
[2025-01-03 00:04:32,022: INFO: common: created directory at: artifacts/data_ingestion]
[2025-01-03 00:04:32,060: INFO: 2552731071: Downloading data from https://drive.google.com/file/d/1vlhZ5c7abUKF8xXERIw6m9Te8fW7ohw3/view?usp=sharing into file artifacts/data_ingestion/data.zip]
[2025-01-03 00:04:38,628: INFO: 2552731071: Downloaded data from https://drive.google.com/file/d/1vlhZ5c7abUKF8xXERIw6m9Te8fW7ohw3/view?usp=sharing into file artifacts/data_ingestion/data.zip]
[2025-01-03 00:05:24,414: INFO: common: yaml file: config/config.yaml loaded successfully]
[2025-01-03 00:05:24,437: INFO: common: yaml file: params.yaml loaded successfully]
[2025-01-03 00:05:24,444: INFO: common: created directory at: artifacts]
[2025-01-03 00:05:24,455: INFO: common: created directory at: artifacts/data_ingestion]
[2025-01-03 00:05:24,460: INFO: 2552731071: Downloading data from https://drive.google.com/file/d/1vlhZ5c7abUKF8xXERIw6m9Te8fW7ohw3/view?usp=sharing into file artifacts/data_ingestion/data.zip]
[2025-01-03 00:05:30,689: INFO: 2552731071: Downloaded data from https://drive.google.com/file/d/1vlhZ5c7abUKF8xXERIw6m9Te8fW7ohw3/view?usp=sharing into file artifacts/data_ingestion/data.zip]
[2025-01-03 00:09:43,859: INFO: common: yaml file: config/config.yaml loaded successfully]
[2025-01-03 00:09:43,876: INFO: common: yaml file: params.yaml loaded successfully]
[2025-01-03 00:09:43,879: INFO: common: created directory at: artifacts]
[2025-01-03 00:09:43,884: INFO: common: created directory at: artifacts/data_ingestion]
[2025-01-03 00:09:43,889: INFO: 2552731071: Downloading data from https://drive.google.com/file/d/1vlhZ5c7abUKF8xXERIw6m9Te8fW7ohw3/view?usp=sharing into file artifacts/data_ingestion/data.zip]
[2025-01-03 00:09:50,243: INFO: 2552731071: Downloaded data from https://drive.google.com/file/d/1vlhZ5c7abUKF8xXERIw6m9Te8fW7ohw3/view?usp=sharing into file artifacts/data_ingestion/data.zip]
[2025-01-03 00:39:43,677: INFO: common: yaml file: config/config.yaml loaded successfully]
[2025-01-03 00:39:43,741: INFO: common: yaml file: params.yaml loaded successfully]
[2025-01-03 00:39:43,769: INFO: common: created directory at: artifacts]
[2025-01-03 00:39:43,792: INFO: common: created directory at: artifacts/data_ingestion]
[2025-01-03 00:39:43,795: INFO: 2552731071: Downloading data from https://drive.google.com/file/d/1vlhZ5c7abUKF8xXERIw6m9Te8fW7ohw3/view?usp=sharing into file artifacts/data_ingestion/data.zip]
[2025-01-03 00:39:49,882: INFO: 2552731071: Downloaded data from https://drive.google.com/file/d/1vlhZ5c7abUKF8xXERIw6m9Te8fW7ohw3/view?usp=sharing into file artifacts/data_ingestion/data.zip]
[2025-01-03 00:41:45,211: INFO: common: yaml file: config/config.yaml loaded successfully]
[2025-01-03 00:41:45,247: INFO: common: yaml file: params.yaml loaded successfully]
[2025-01-03 00:41:45,257: INFO: common: created directory at: artifacts]
[2025-01-03 00:41:45,263: INFO: common: created directory at: artifacts/data_ingestion]
[2025-01-03 00:41:45,265: INFO: 2552731071: Downloading data from https://drive.google.com/file/d/1vlhZ5c7abUKF8xXERIw6m9Te8fW7ohw3/view?usp=sharing into file artifacts/data_ingestion/data.zip]
[2025-01-03 00:41:51,262: INFO: 2552731071: Downloaded data from https://drive.google.com/file/d/1vlhZ5c7abUKF8xXERIw6m9Te8fW7ohw3/view?usp=sharing into file artifacts/data_ingestion/data.zip]
